D:\E drive\Asp Net Core\Identity with Web API\CitiesManager.WebAPI\ClientApp\CitiesAngularApp\dist\out-tsc\app\models\city.js
D:\E drive\Asp Net Core\Identity with Web API\CitiesManager.WebAPI\ClientApp\CitiesAngularApp\dist\out-tsc\app\models\city.js.map
D:\E drive\Asp Net Core\Identity with Web API\CitiesManager.WebAPI\ClientApp\CitiesAngularApp\dist\out-tsc\app\services\cities.service.js
D:\E drive\Asp Net Core\Identity with Web API\CitiesManager.WebAPI\ClientApp\CitiesAngularApp\dist\out-tsc\app\services\cities.service.js.map
D:\E drive\Asp Net Core\Identity with Web API\CitiesManager.WebAPI\ClientApp\CitiesAngularApp\dist\out-tsc\app\models\register-user.js
D:\E drive\Asp Net Core\Identity with Web API\CitiesManager.WebAPI\ClientApp\CitiesAngularApp\dist\out-tsc\app\models\register-user.js.map
D:\E drive\Asp Net Core\Identity with Web API\CitiesManager.WebAPI\ClientApp\CitiesAngularApp\dist\out-tsc\app\models\login-user.js
D:\E drive\Asp Net Core\Identity with Web API\CitiesManager.WebAPI\ClientApp\CitiesAngularApp\dist\out-tsc\app\models\login-user.js.map
D:\E drive\Asp Net Core\Identity with Web API\CitiesManager.WebAPI\ClientApp\CitiesAngularApp\dist\out-tsc\app\services\account.service.js
D:\E drive\Asp Net Core\Identity with Web API\CitiesManager.WebAPI\ClientApp\CitiesAngularApp\dist\out-tsc\app\services\account.service.js.map
D:\E drive\Asp Net Core\Identity with Web API\CitiesManager.WebAPI\ClientApp\CitiesAngularApp\dist\out-tsc\app\cities\cities.component.js
D:\E drive\Asp Net Core\Identity with Web API\CitiesManager.WebAPI\ClientApp\CitiesAngularApp\dist\out-tsc\app\cities\cities.component.js.map
D:\E drive\Asp Net Core\Identity with Web API\CitiesManager.WebAPI\ClientApp\CitiesAngularApp\dist\out-tsc\app\login\login.component.js
D:\E drive\Asp Net Core\Identity with Web API\CitiesManager.WebAPI\ClientApp\CitiesAngularApp\dist\out-tsc\app\login\login.component.js.map
D:\E drive\Asp Net Core\Identity with Web API\CitiesManager.WebAPI\ClientApp\CitiesAngularApp\dist\out-tsc\app\validators\custom-validators.js
D:\E drive\Asp Net Core\Identity with Web API\CitiesManager.WebAPI\ClientApp\CitiesAngularApp\dist\out-tsc\app\validators\custom-validators.js.map
D:\E drive\Asp Net Core\Identity with Web API\CitiesManager.WebAPI\ClientApp\CitiesAngularApp\dist\out-tsc\app\register\register.component.js
D:\E drive\Asp Net Core\Identity with Web API\CitiesManager.WebAPI\ClientApp\CitiesAngularApp\dist\out-tsc\app\register\register.component.js.map
D:\E drive\Asp Net Core\Identity with Web API\CitiesManager.WebAPI\ClientApp\CitiesAngularApp\dist\out-tsc\app\app-routing.module.js
D:\E drive\Asp Net Core\Identity with Web API\CitiesManager.WebAPI\ClientApp\CitiesAngularApp\dist\out-tsc\app\app-routing.module.js.map
D:\E drive\Asp Net Core\Identity with Web API\CitiesManager.WebAPI\ClientApp\CitiesAngularApp\dist\out-tsc\app\app.component.js
D:\E drive\Asp Net Core\Identity with Web API\CitiesManager.WebAPI\ClientApp\CitiesAngularApp\dist\out-tsc\app\app.component.js.map
D:\E drive\Asp Net Core\Identity with Web API\CitiesManager.WebAPI\ClientApp\CitiesAngularApp\dist\out-tsc\app\directives\disable-control.directive.js
D:\E drive\Asp Net Core\Identity with Web API\CitiesManager.WebAPI\ClientApp\CitiesAngularApp\dist\out-tsc\app\directives\disable-control.directive.js.map
D:\E drive\Asp Net Core\Identity with Web API\CitiesManager.WebAPI\ClientApp\CitiesAngularApp\dist\out-tsc\app\app.module.js
D:\E drive\Asp Net Core\Identity with Web API\CitiesManager.WebAPI\ClientApp\CitiesAngularApp\dist\out-tsc\app\app.module.js.map
D:\E drive\Asp Net Core\Identity with Web API\CitiesManager.WebAPI\ClientApp\CitiesAngularApp\dist\out-tsc\main.js
D:\E drive\Asp Net Core\Identity with Web API\CitiesManager.WebAPI\ClientApp\CitiesAngularApp\dist\out-tsc\main.js.map
D:\E drive\Asp Net Core\Identity with Web API\CitiesManager.WebAPI\ClientApp\CitiesAngularApp\dist\out-tsc\app\cities\cities.component.spec.js
D:\E drive\Asp Net Core\Identity with Web API\CitiesManager.WebAPI\ClientApp\CitiesAngularApp\dist\out-tsc\app\cities\cities.component.spec.js.map
D:\E drive\Asp Net Core\Identity with Web API\CitiesManager.WebAPI\ClientApp\CitiesAngularApp\dist\out-tsc\app\models\city.spec.js
D:\E drive\Asp Net Core\Identity with Web API\CitiesManager.WebAPI\ClientApp\CitiesAngularApp\dist\out-tsc\app\models\city.spec.js.map
D:\E drive\Asp Net Core\Identity with Web API\CitiesManager.WebAPI\ClientApp\CitiesAngularApp\dist\out-tsc\app\models\login-user.spec.js
D:\E drive\Asp Net Core\Identity with Web API\CitiesManager.WebAPI\ClientApp\CitiesAngularApp\dist\out-tsc\app\models\login-user.spec.js.map
D:\E drive\Asp Net Core\Identity with Web API\CitiesManager.WebAPI\ClientApp\CitiesAngularApp\dist\out-tsc\app\models\register-user.spec.js
D:\E drive\Asp Net Core\Identity with Web API\CitiesManager.WebAPI\ClientApp\CitiesAngularApp\dist\out-tsc\app\models\register-user.spec.js.map
D:\E drive\Asp Net Core\Identity with Web API\CitiesManager.WebAPI\ClientApp\CitiesAngularApp\dist\out-tsc\app\register\register.component.spec.js
D:\E drive\Asp Net Core\Identity with Web API\CitiesManager.WebAPI\ClientApp\CitiesAngularApp\dist\out-tsc\app\register\register.component.spec.js.map
